{
  message: 'Server running on port 5000',
  level: 'info',
  label: 'University Managment',
  timestamp: '2023-09-13T15:14:52.924Z'
}
{
  message: 'Server running on port 5000',
  level: 'info',
  label: 'University Managment',
  timestamp: '2023-09-13T15:16:26.241Z'
}
{
  message: 'Server running on port 5000',
  level: 'info',
  label: 'University Managment',
  timestamp: '2023-09-13T15:16:38.596Z'
}
{
  message: 'Server running on port 5000',
  level: 'info',
  label: 'University Managment',
  timestamp: '2023-09-13T15:16:49.539Z'
}
{
  message: 'Server running on port 5000',
  level: 'info',
  label: 'University Managment',
  timestamp: '2023-09-13T15:16:54.388Z'
}
{
  message: 'Server running on port 5000',
  level: 'info',
  label: 'University Managment',
  timestamp: '2023-09-13T15:17:24.249Z'
}
{
  message: 'Server running on port 5000',
  level: 'info',
  label: 'University Managment',
  timestamp: '2023-09-13T15:18:17.040Z'
}
{
  message: 'Server running on port 5000',
  level: 'info',
  label: 'University Managment',
  timestamp: '2023-09-13T15:27:49.733Z'
}
{
  message: 'Server running on port 5000',
  level: 'info',
  label: 'University Managment',
  timestamp: '2023-09-13T15:29:02.458Z'
}
{
  message: 'Server running on port 5000',
  level: 'info',
  label: 'University Managment',
  timestamp: '2023-09-13T15:30:51.708Z'
}
{
  message: 'Server running on port 5000',
  level: 'info',
  label: 'University Managment',
  timestamp: '2023-09-13T15:30:56.341Z'
}
{
  message: 'Server running on port 5000',
  level: 'info',
  label: 'University Managment',
  timestamp: '2023-09-13T15:31:46.426Z'
}
{
  message: 'Server running on port 5000',
  level: 'info',
  label: 'University Managment',
  timestamp: '2023-09-13T15:32:12.587Z'
}
{
  message: 'Server running on port 5000',
  level: 'info',
  label: 'University Managment',
  timestamp: '2023-09-13T15:35:13.645Z'
}
{
  message: 'Server running on port 5000',
  level: 'info',
  label: 'University Managment',
  timestamp: '2023-09-13T15:38:01.913Z'
}
{
  message: 'Server running on port 5000',
  level: 'info',
  label: 'University Managment',
  timestamp: '2023-09-13T15:38:42.032Z'
}
{
  message: 'Server running on port 5000',
  level: 'info',
  label: 'University Managment',
  timestamp: '2023-09-13T15:43:33.828Z'
}
{
  message: 'Server running on port 5000',
  level: 'info',
  label: 'University Managment',
  timestamp: '2023-09-13T15:43:36.098Z'
}
{
  message: 'Server running on port 5000',
  level: 'info',
  label: 'University Managment',
  timestamp: '2023-09-13T15:44:15.195Z'
}
{
  message: 'Server running on port 5000',
  level: 'info',
  label: 'University Managment',
  timestamp: '2023-09-13T15:44:48.700Z'
}
{
  message: 'Server running on port 5000',
  level: 'info',
  label: 'University Managment',
  timestamp: '2023-09-13T15:45:21.311Z'
}
{
  message: 'Server running on port 5000',
  level: 'info',
  label: 'University Managment',
  timestamp: '2023-09-13T15:48:04.242Z'
}
{
  message: 'Server running on port 5000',
  level: 'info',
  label: 'University Managment',
  timestamp: '2023-09-13T15:48:58.992Z'
}
{
  message: 'Server running on port 5000',
  level: 'info',
  label: 'University Managment',
  timestamp: '2023-09-13T15:50:50.670Z'
}
{
  message: 'Server running on port 5000',
  level: 'info',
  label: 'University Managment',
  timestamp: '2023-09-13T15:57:09.635Z'
}
{
  message: 'Server running on port 5000',
  level: 'info',
  label: 'University Managment',
  timestamp: '2023-09-13T15:59:06.825Z'
}
