{
  message: 'Server running on port 5000',
  level: 'info',
  label: 'University Managment',
  timestamp: '2023-09-11T03:07:05.684Z'
}
{
  message: 'Server running on port 5000',
  level: 'info',
  label: 'University Managment',
  timestamp: '2023-09-11T03:09:18.235Z'
}
{
  message: 'Server running on port 5000',
  level: 'info',
  label: 'University Managment',
  timestamp: '2023-09-11T03:09:26.749Z'
}
{
  message: 'Server running on port 5000',
  level: 'info',
  label: 'University Managment',
  timestamp: '2023-09-11T03:17:55.309Z'
}
{
  message: 'Server running on port 5000',
  level: 'info',
  label: 'University Managment',
  timestamp: '2023-09-11T03:18:09.788Z'
}
{
  message: 'Server running on port 5000',
  level: 'info',
  label: 'University Managment',
  timestamp: '2023-09-11T03:19:53.349Z'
}
{
  message: 'Server running on port 5000',
  level: 'info',
  label: 'University Managment',
  timestamp: '2023-09-11T03:20:40.893Z'
}
{
  message: 'Server running on port 5000',
  level: 'info',
  label: 'University Managment',
  timestamp: '2023-09-11T03:21:10.863Z'
}
{
  message: 'Server running on port 5000',
  level: 'info',
  label: 'University Managment',
  timestamp: '2023-09-11T03:21:24.273Z'
}
