{
  message: 'Server running on port 5000',
  level: 'info',
  label: 'University Managment',
  timestamp: '2023-08-24T12:51:40.378Z'
}
{
  message: 'Server running on port 5000',
  level: 'info',
  label: 'University Managment',
  timestamp: '2023-08-24T12:52:31.583Z'
}
{
  message: 'Server running on port 5000',
  level: 'info',
  label: 'University Managment',
  timestamp: '2023-08-24T12:53:25.122Z'
}
{
  message: 'Server running on port 5000',
  level: 'info',
  label: 'University Managment',
  timestamp: '2023-08-24T12:54:49.486Z'
}
{
  message: 'Server running on port 5000',
  level: 'info',
  label: 'University Managment',
  timestamp: '2023-08-24T12:54:59.063Z'
}
{
  message: 'Server running on port 5000',
  level: 'info',
  label: 'University Managment',
  timestamp: '2023-08-24T12:55:03.179Z'
}
