{
  message: 'Redis connected',
  level: 'info',
  label: 'University Managment',
  timestamp: '2023-09-23T08:05:24.254Z'
}
{
  message: 'Server running on port 5000',
  level: 'info',
  label: 'University Managment',
  timestamp: '2023-09-23T08:05:24.274Z'
}
{
  message: 'Redis connected',
  level: 'info',
  label: 'University Managment',
  timestamp: '2023-09-23T08:11:11.351Z'
}
{
  message: 'Server running on port 5000',
  level: 'info',
  label: 'University Managment',
  timestamp: '2023-09-23T08:11:11.390Z'
}
