{
  message: 'Redis connected',
  level: 'info',
  label: 'University Managment',
  timestamp: '2023-09-21T11:17:48.767Z'
}
{
  message: 'Server running on port 5000',
  level: 'info',
  label: 'University Managment',
  timestamp: '2023-09-21T11:17:48.823Z'
}
{
  message: 'Redis connected',
  level: 'info',
  label: 'University Managment',
  timestamp: '2023-09-21T11:20:51.659Z'
}
{
  message: 'Server running on port 5000',
  level: 'info',
  label: 'University Managment',
  timestamp: '2023-09-21T11:20:51.683Z'
}
