{
  message: 'Redis connected',
  level: 'info',
  label: 'University Managment',
  timestamp: '2023-09-23T06:10:20.839Z'
}
{
  message: 'Server running on port 5000',
  level: 'info',
  label: 'University Managment',
  timestamp: '2023-09-23T06:10:20.856Z'
}
{
  message: 'Redis connected',
  level: 'info',
  label: 'University Managment',
  timestamp: '2023-09-23T06:11:30.416Z'
}
{
  message: 'Server running on port 5000',
  level: 'info',
  label: 'University Managment',
  timestamp: '2023-09-23T06:11:30.434Z'
}
{
  message: 'Redis connected',
  level: 'info',
  label: 'University Managment',
  timestamp: '2023-09-23T06:12:56.926Z'
}
{
  message: 'Server running on port 5000',
  level: 'info',
  label: 'University Managment',
  timestamp: '2023-09-23T06:12:56.946Z'
}
