{
  message: 'Server running on port 5000',
  level: 'info',
  label: 'University Managment',
  timestamp: '2023-08-30T15:28:04.721Z'
}
{
  message: 'Server running on port 5000',
  level: 'info',
  label: 'University Managment',
  timestamp: '2023-08-30T15:33:56.243Z'
}
{
  message: 'Server running on port 5000',
  level: 'info',
  label: 'University Managment',
  timestamp: '2023-08-30T15:35:37.718Z'
}
{
  message: 'Server running on port 5000',
  level: 'info',
  label: 'University Managment',
  timestamp: '2023-08-30T15:36:07.805Z'
}
{
  message: 'Server running on port 5000',
  level: 'info',
  label: 'University Managment',
  timestamp: '2023-08-30T15:43:37.144Z'
}
{
  message: 'Server running on port 5000',
  level: 'info',
  label: 'University Managment',
  timestamp: '2023-08-30T15:43:39.994Z'
}
{
  message: 'Server running on port 5000',
  level: 'info',
  label: 'University Managment',
  timestamp: '2023-08-30T15:55:04.695Z'
}
{
  message: 'Server running on port 5000',
  level: 'info',
  label: 'University Managment',
  timestamp: '2023-08-30T15:57:22.458Z'
}
{
  message: 'Server running on port 5000',
  level: 'info',
  label: 'University Managment',
  timestamp: '2023-08-30T15:59:25.892Z'
}
