{
  message: 'Redis connected',
  level: 'info',
  label: 'University Managment',
  timestamp: '2023-09-23T03:01:18.338Z'
}
{
  message: 'Server running on port 5000',
  level: 'info',
  label: 'University Managment',
  timestamp: '2023-09-23T03:01:18.360Z'
}
{
  message: 'Redis connected',
  level: 'info',
  label: 'University Managment',
  timestamp: '2023-09-23T03:02:04.540Z'
}
{
  message: 'Server running on port 5000',
  level: 'info',
  label: 'University Managment',
  timestamp: '2023-09-23T03:02:04.565Z'
}
{
  message: 'Redis connected',
  level: 'info',
  label: 'University Managment',
  timestamp: '2023-09-23T03:02:28.586Z'
}
{
  message: 'Server running on port 5000',
  level: 'info',
  label: 'University Managment',
  timestamp: '2023-09-23T03:02:28.607Z'
}
{
  message: 'Redis connected',
  level: 'info',
  label: 'University Managment',
  timestamp: '2023-09-23T03:03:17.073Z'
}
{
  message: 'Server running on port 5000',
  level: 'info',
  label: 'University Managment',
  timestamp: '2023-09-23T03:03:17.098Z'
}
{
  message: 'Redis connected',
  level: 'info',
  label: 'University Managment',
  timestamp: '2023-09-23T03:05:48.538Z'
}
{
  message: 'Server running on port 5000',
  level: 'info',
  label: 'University Managment',
  timestamp: '2023-09-23T03:05:48.559Z'
}
{
  message: 'Redis connected',
  level: 'info',
  label: 'University Managment',
  timestamp: '2023-09-23T03:06:01.962Z'
}
{
  message: 'Server running on port 5000',
  level: 'info',
  label: 'University Managment',
  timestamp: '2023-09-23T03:06:01.985Z'
}
{
  message: 'Redis connected',
  level: 'info',
  label: 'University Managment',
  timestamp: '2023-09-23T03:07:08.055Z'
}
{
  message: 'Server running on port 5000',
  level: 'info',
  label: 'University Managment',
  timestamp: '2023-09-23T03:07:08.089Z'
}
{
  message: 'Redis connected',
  level: 'info',
  label: 'University Managment',
  timestamp: '2023-09-23T03:08:04.783Z'
}
{
  message: 'Server running on port 5000',
  level: 'info',
  label: 'University Managment',
  timestamp: '2023-09-23T03:08:04.817Z'
}
{
  message: 'Redis connected',
  level: 'info',
  label: 'University Managment',
  timestamp: '2023-09-23T03:08:58.459Z'
}
{
  message: 'Server running on port 5000',
  level: 'info',
  label: 'University Managment',
  timestamp: '2023-09-23T03:08:58.487Z'
}
{
  message: 'Redis connected',
  level: 'info',
  label: 'University Managment',
  timestamp: '2023-09-23T03:09:17.414Z'
}
{
  message: 'Server running on port 5000',
  level: 'info',
  label: 'University Managment',
  timestamp: '2023-09-23T03:09:17.435Z'
}
{
  message: 'Redis connected',
  level: 'info',
  label: 'University Managment',
  timestamp: '2023-09-23T03:10:44.990Z'
}
{
  message: 'Server running on port 5000',
  level: 'info',
  label: 'University Managment',
  timestamp: '2023-09-23T03:10:45.014Z'
}
{
  message: 'Redis connected',
  level: 'info',
  label: 'University Managment',
  timestamp: '2023-09-23T03:14:52.880Z'
}
{
  message: 'Server running on port 5000',
  level: 'info',
  label: 'University Managment',
  timestamp: '2023-09-23T03:14:52.905Z'
}
{
  message: 'Redis connected',
  level: 'info',
  label: 'University Managment',
  timestamp: '2023-09-23T03:15:40.671Z'
}
{
  message: 'Server running on port 5000',
  level: 'info',
  label: 'University Managment',
  timestamp: '2023-09-23T03:15:40.701Z'
}
{
  message: 'Redis connected',
  level: 'info',
  label: 'University Managment',
  timestamp: '2023-09-23T03:25:02.067Z'
}
{
  message: 'Server running on port 5000',
  level: 'info',
  label: 'University Managment',
  timestamp: '2023-09-23T03:25:02.096Z'
}
