{
  message: 'Server running on port 5000',
  level: 'info',
  label: 'University Managment',
  timestamp: '2023-09-11T02:09:17.609Z'
}
{
  message: 'Server running on port 5000',
  level: 'info',
  label: 'University Managment',
  timestamp: '2023-09-11T02:13:28.554Z'
}
{
  message: 'Server running on port 5000',
  level: 'info',
  label: 'University Managment',
  timestamp: '2023-09-11T02:20:10.315Z'
}
{
  message: 'Server running on port 5000',
  level: 'info',
  label: 'University Managment',
  timestamp: '2023-09-11T02:20:24.676Z'
}
{
  message: 'Server running on port 5000',
  level: 'info',
  label: 'University Managment',
  timestamp: '2023-09-11T02:21:05.974Z'
}
{
  message: 'Server running on port 5000',
  level: 'info',
  label: 'University Managment',
  timestamp: '2023-09-11T02:21:33.300Z'
}
{
  message: 'Server running on port 5000',
  level: 'info',
  label: 'University Managment',
  timestamp: '2023-09-11T02:21:38.285Z'
}
{
  message: 'Server running on port 5000',
  level: 'info',
  label: 'University Managment',
  timestamp: '2023-09-11T02:29:13.430Z'
}
{
  message: 'Server running on port 5000',
  level: 'info',
  label: 'University Managment',
  timestamp: '2023-09-11T02:29:31.570Z'
}
{
  message: 'Server running on port 5000',
  level: 'info',
  label: 'University Managment',
  timestamp: '2023-09-11T02:32:08.062Z'
}
{
  message: 'Server running on port 5000',
  level: 'info',
  label: 'University Managment',
  timestamp: '2023-09-11T02:32:12.886Z'
}
{
  message: 'Server running on port 5000',
  level: 'info',
  label: 'University Managment',
  timestamp: '2023-09-11T02:35:44.359Z'
}
{
  message: 'Server running on port 5000',
  level: 'info',
  label: 'University Managment',
  timestamp: '2023-09-11T02:36:25.816Z'
}
{
  message: 'Server running on port 5000',
  level: 'info',
  label: 'University Managment',
  timestamp: '2023-09-11T02:36:35.988Z'
}
{
  message: 'Server running on port 5000',
  level: 'info',
  label: 'University Managment',
  timestamp: '2023-09-11T02:37:17.279Z'
}
{
  message: 'Server running on port 5000',
  level: 'info',
  label: 'University Managment',
  timestamp: '2023-09-11T02:54:54.580Z'
}
{
  message: 'Server running on port 5000',
  level: 'info',
  label: 'University Managment',
  timestamp: '2023-09-11T02:57:03.124Z'
}
{
  message: 'Server running on port 5000',
  level: 'info',
  label: 'University Managment',
  timestamp: '2023-09-11T02:57:44.405Z'
}
{
  message: 'Server running on port 5000',
  level: 'info',
  label: 'University Managment',
  timestamp: '2023-09-11T02:57:54.094Z'
}
