{
  name: 'PrismaClientKnownRequestError',
  code: 'P2028',
  clientVersion: '5.1.1',
  meta: { error: 'Transaction already closed: Could not perform operation.' },
  level: 'error',
  label: 'University Managment',
  timestamp: '2023-09-12T16:11:17.541Z'
}
{
  name: 'PrismaClientKnownRequestError',
  code: 'P2028',
  clientVersion: '5.1.1',
  meta: { error: 'Transaction already closed: Could not perform operation.' },
  level: 'error',
  label: 'University Managment',
  timestamp: '2023-09-12T16:12:40.252Z'
}
{
  name: 'PrismaClientKnownRequestError',
  code: 'P2028',
  clientVersion: '5.1.1',
  meta: { error: 'Transaction already closed: Could not perform operation.' },
  level: 'error',
  label: 'University Managment',
  timestamp: '2023-09-12T16:21:56.948Z'
}
{
  name: 'PrismaClientKnownRequestError',
  code: 'P2028',
  clientVersion: '5.1.1',
  meta: { error: 'Transaction already closed: Could not perform operation.' },
  level: 'error',
  label: 'University Managment',
  timestamp: '2023-09-12T16:23:17.372Z'
}
