{
  statusCode: 409,
  level: 'error',
  label: 'University Managment',
  timestamp: '2023-09-23T02:47:41.024Z'
}
{
  statusCode: 409,
  level: 'error',
  label: 'University Managment',
  timestamp: '2023-09-23T02:49:05.434Z'
}
{
  statusCode: 409,
  level: 'error',
  label: 'University Managment',
  timestamp: '2023-09-23T02:49:43.213Z'
}
{
  statusCode: 409,
  level: 'error',
  label: 'University Managment',
  timestamp: '2023-09-23T02:50:26.425Z'
}
{
  statusCode: 409,
  level: 'error',
  label: 'University Managment',
  timestamp: '2023-09-23T02:52:25.722Z'
}
{
  statusCode: 409,
  level: 'error',
  label: 'University Managment',
  timestamp: '2023-09-23T02:52:42.512Z'
}
{
  statusCode: 409,
  level: 'error',
  label: 'University Managment',
  timestamp: '2023-09-23T02:53:27.706Z'
}
{
  statusCode: 409,
  level: 'error',
  label: 'University Managment',
  timestamp: '2023-09-23T02:55:35.778Z'
}
{
  statusCode: 409,
  level: 'error',
  label: 'University Managment',
  timestamp: '2023-09-23T02:56:25.312Z'
}
{
  statusCode: 409,
  level: 'error',
  label: 'University Managment',
  timestamp: '2023-09-23T02:57:06.332Z'
}
{
  statusCode: 409,
  level: 'error',
  label: 'University Managment',
  timestamp: '2023-09-23T02:57:34.008Z'
}
{
  statusCode: 409,
  level: 'error',
  label: 'University Managment',
  timestamp: '2023-09-23T02:58:15.379Z'
}
{
  statusCode: 409,
  level: 'error',
  label: 'University Managment',
  timestamp: '2023-09-23T02:58:28.915Z'
}
