{
  name: 'PrismaClientKnownRequestError',
  code: 'P2002',
  clientVersion: '5.1.1',
  meta: {
    target: [ 'semesterRegistrationId', 'studentId', 'offeredCourseId' ]
  },
  level: 'error',
  label: 'University Managment',
  timestamp: '2023-09-05T15:11:57.838Z'
}
{
  name: 'PrismaClientKnownRequestError',
  code: 'P2002',
  clientVersion: '5.1.1',
  meta: {
    target: [ 'semesterRegistrationId', 'studentId', 'offeredCourseId' ]
  },
  level: 'error',
  label: 'University Managment',
  timestamp: '2023-09-05T15:12:40.630Z'
}
